04/09/2014 4:30:01 PM	JobScheduler	Information		Getting stock symbol from yahoo.finance.quotes for symbol: SPY
04/09/2014 4:30:05 PM	JobScheduler	Information		Getting information from yahoo.finance.option_contracts for symbol: SPY
04/09/2014 4:30:07 PM	JobScheduler	Information		Getting information from yahoo.finance.options for symbol: SPY and expiration: 2014-09
04/09/2014 4:30:10 PM	JobScheduler	Information		Getting information from yahoo.finance.options for symbol: SPY and expiration: 2014-10
04/09/2014 4:30:11 PM	JobScheduler	Information		Getting stock symbol from yahoo.finance.quotes for symbol: QQQ
04/09/2014 4:30:11 PM	JobScheduler	Information		Getting information from yahoo.finance.option_contracts for symbol: QQQ
04/09/2014 4:30:14 PM	JobScheduler	Information		Getting information from yahoo.finance.options for symbol: QQQ and expiration: 2014-09
04/09/2014 4:30:17 PM	JobScheduler	Information		Getting information from yahoo.finance.options for symbol: QQQ and expiration: 2014-10
04/09/2014 4:30:18 PM	JobScheduler	Information		Getting stock symbol from yahoo.finance.quotes for symbol: VXX
04/09/2014 4:30:18 PM	JobScheduler	Information		Getting information from yahoo.finance.option_contracts for symbol: VXX
04/09/2014 4:30:20 PM	JobScheduler	Information		Getting information from yahoo.finance.options for symbol: VXX and expiration: 2014-09
04/09/2014 4:30:22 PM	JobScheduler	Information		Getting information from yahoo.finance.options for symbol: VXX and expiration: 2014-10
04/09/2014 4:30:23 PM	JobScheduler	Information		Getting stock symbol from yahoo.finance.quotes for symbol: VXZ
04/09/2014 4:30:23 PM	JobScheduler	Information		Getting information from yahoo.finance.option_contracts for symbol: VXZ
04/09/2014 4:30:24 PM	JobScheduler	Information		Getting information from yahoo.finance.options for symbol: VXZ and expiration: 2014-09
04/09/2014 4:30:24 PM	JobScheduler	Information		Getting information from yahoo.finance.options for symbol: VXZ and expiration: 2014-12
04/09/2014 4:30:27 PM	JobScheduler	Information		Getting stock symbol from yahoo.finance.quotes for symbol: TIP
04/09/2014 4:30:27 PM	JobScheduler	Information		Getting information from yahoo.finance.option_contracts for symbol: TIP
04/09/2014 4:30:27 PM	JobScheduler	Information		Getting information from yahoo.finance.options for symbol: TIP and expiration: 2014-09
04/09/2014 4:30:28 PM	JobScheduler	Information		Getting information from yahoo.finance.options for symbol: TIP and expiration: 2014-12
04/09/2014 4:30:28 PM	JobScheduler	Information		Getting stock symbol from yahoo.finance.quotes for symbol: TLT
04/09/2014 4:30:28 PM	JobScheduler	Information		Getting information from yahoo.finance.option_contracts for symbol: TLT
04/09/2014 4:30:30 PM	JobScheduler	Information		Getting information from yahoo.finance.options for symbol: TLT and expiration: 2014-09
04/09/2014 4:30:32 PM	JobScheduler	Information		Getting information from yahoo.finance.options for symbol: TLT and expiration: 2014-10
04/09/2014 4:30:32 PM	JobScheduler	Information		Getting stock symbol from yahoo.finance.quotes for symbol: HYG
04/09/2014 4:30:33 PM	JobScheduler	Information		Getting information from yahoo.finance.option_contracts for symbol: HYG
04/09/2014 4:30:34 PM	JobScheduler	Information		Getting information from yahoo.finance.options for symbol: HYG and expiration: 2014-09
04/09/2014 4:30:35 PM	JobScheduler	Information		Getting information from yahoo.finance.options for symbol: HYG and expiration: 2014-10
04/09/2014 4:30:36 PM	JobScheduler	Information		Getting stock symbol from yahoo.finance.quotes for symbol: UUP
04/09/2014 4:30:36 PM	JobScheduler	Information		Getting information from yahoo.finance.option_contracts for symbol: UUP
04/09/2014 4:30:37 PM	JobScheduler	Information		Getting information from yahoo.finance.options for symbol: UUP and expiration: 2014-09
04/09/2014 4:30:38 PM	JobScheduler	Information		Getting information from yahoo.finance.options for symbol: UUP and expiration: 2014-12
04/09/2014 4:30:39 PM	JobScheduler	Information		Getting stock symbol from yahoo.finance.quotes for symbol: GLD
04/09/2014 4:30:39 PM	JobScheduler	Information		Getting information from yahoo.finance.option_contracts for symbol: GLD
04/09/2014 4:30:42 PM	JobScheduler	Information		Getting information from yahoo.finance.options for symbol: GLD and expiration: 2014-09
04/09/2014 4:30:47 PM	JobScheduler	Information		Getting information from yahoo.finance.options for symbol: GLD and expiration: 2014-10
04/09/2014 4:30:48 PM	JobScheduler	Information		Getting stock symbol from yahoo.finance.quotes for symbol: SLV
04/09/2014 4:30:49 PM	JobScheduler	Information		Getting information from yahoo.finance.option_contracts for symbol: SLV
04/09/2014 4:30:50 PM	JobScheduler	Information		Getting information from yahoo.finance.options for symbol: SLV and expiration: 2014-09
04/09/2014 4:30:51 PM	JobScheduler	Information		Getting information from yahoo.finance.options for symbol: SLV and expiration: 2014-10
04/09/2014 4:30:52 PM	JobScheduler	Information		Getting stock symbol from yahoo.finance.quotes for symbol: GDX
04/09/2014 4:30:53 PM	JobScheduler	Information		Getting information from yahoo.finance.option_contracts for symbol: GDX
04/09/2014 4:30:53 PM	JobScheduler	Information		Getting information from yahoo.finance.options for symbol: GDX and expiration: 2014-09
04/09/2014 4:30:55 PM	JobScheduler	Information		Getting information from yahoo.finance.options for symbol: GDX and expiration: 2014-12
04/09/2014 4:30:55 PM	JobScheduler	Information		Getting stock symbol from yahoo.finance.quotes for symbol: GDXJ
04/09/2014 4:30:56 PM	JobScheduler	Information		Getting information from yahoo.finance.option_contracts for symbol: GDXJ
04/09/2014 4:30:57 PM	JobScheduler	Information		Getting information from yahoo.finance.options for symbol: GDXJ and expiration: 2014-09
04/09/2014 4:30:58 PM	JobScheduler	Information		Getting information from yahoo.finance.options for symbol: GDXJ and expiration: 2014-11
04/09/2014 4:30:58 PM	JobScheduler	Information		Getting stock symbol from yahoo.finance.quotes for symbol: GG
04/09/2014 4:30:59 PM	JobScheduler	Information		Getting information from yahoo.finance.option_contracts for symbol: GG
04/09/2014 4:30:59 PM	JobScheduler	Information		Getting information from yahoo.finance.options for symbol: GG and expiration: 2014-09
04/09/2014 4:31:00 PM	JobScheduler	Information		Getting information from yahoo.finance.options for symbol: GG and expiration: 2014-10
04/09/2014 4:31:00 PM	JobScheduler	Information		Getting stock symbol from yahoo.finance.quotes for symbol: ABX
04/09/2014 4:31:01 PM	JobScheduler	Information		Getting information from yahoo.finance.option_contracts for symbol: ABX
04/09/2014 4:31:02 PM	JobScheduler	Information		Getting information from yahoo.finance.options for symbol: ABX and expiration: 2014-09
04/09/2014 4:31:03 PM	JobScheduler	Information		Getting information from yahoo.finance.options for symbol: ABX and expiration: 2014-10
04/09/2014 4:31:03 PM	JobScheduler	Information		Getting stock symbol from yahoo.finance.quotes for symbol: KGC
04/09/2014 4:31:03 PM	JobScheduler	Information		Getting information from yahoo.finance.option_contracts for symbol: KGC
04/09/2014 4:31:04 PM	JobScheduler	Information		Getting information from yahoo.finance.options for symbol: KGC and expiration: 2014-09
04/09/2014 4:31:05 PM	JobScheduler	Information		Getting information from yahoo.finance.options for symbol: KGC and expiration: 2014-11
04/09/2014 4:31:05 PM	JobScheduler	Information		Getting stock symbol from yahoo.finance.quotes for symbol: SLW
04/09/2014 4:31:05 PM	JobScheduler	Information		Getting information from yahoo.finance.option_contracts for symbol: SLW
04/09/2014 4:31:08 PM	JobScheduler	Information		Getting information from yahoo.finance.options for symbol: SLW and expiration: 2014-09
04/09/2014 4:31:09 PM	JobScheduler	Information		Getting information from yahoo.finance.options for symbol: SLW and expiration: 2014-10
04/09/2014 4:31:10 PM	JobScheduler	Information		Getting stock symbol from yahoo.finance.quotes for symbol: AMZN
04/09/2014 4:31:10 PM	JobScheduler	Information		Getting information from yahoo.finance.option_contracts for symbol: AMZN
04/09/2014 4:31:13 PM	JobScheduler	Information		Getting information from yahoo.finance.options for symbol: AMZN and expiration: 2014-09
04/09/2014 4:31:17 PM	JobScheduler	Information		Getting information from yahoo.finance.options for symbol: AMZN and expiration: 2014-10
04/09/2014 4:31:18 PM	JobScheduler	Information		Getting stock symbol from yahoo.finance.quotes for symbol: EGO
04/09/2014 4:31:19 PM	JobScheduler	Information		Getting information from yahoo.finance.option_contracts for symbol: EGO
04/09/2014 4:31:19 PM	JobScheduler	Information		Getting information from yahoo.finance.options for symbol: EGO and expiration: 2014-09
04/09/2014 4:31:19 PM	JobScheduler	Information		Getting information from yahoo.finance.options for symbol: EGO and expiration: 2014-10
04/09/2014 4:31:20 PM	JobScheduler	Information		Getting stock symbol from yahoo.finance.quotes for symbol: GOOG
04/09/2014 4:31:20 PM	JobScheduler	Information		Getting information from yahoo.finance.option_contracts for symbol: GOOG
04/09/2014 4:31:30 PM	JobScheduler	Information		Getting information from yahoo.finance.options for symbol: GOOG and expiration: 2014-09
04/09/2014 4:31:35 PM	JobScheduler	Information		Getting information from yahoo.finance.options for symbol: GOOG and expiration: 2014-10
04/09/2014 4:31:36 PM	JobScheduler	Information		Getting stock symbol from yahoo.finance.quotes for symbol: AAPL
04/09/2014 4:31:36 PM	JobScheduler	Information		Getting information from yahoo.finance.option_contracts for symbol: AAPL
04/09/2014 4:31:38 PM	JobScheduler	Information		Getting information from yahoo.finance.options for symbol: AAPL and expiration: 2014-09
04/09/2014 4:31:40 PM	JobScheduler	Information		Getting information from yahoo.finance.options for symbol: AAPL and expiration: 2014-10
04/09/2014 4:31:44 PM	JobScheduler	Information		Getting stock symbol from yahoo.finance.quotes for symbol: NFLX
04/09/2014 4:31:44 PM	JobScheduler	Information		Getting information from yahoo.finance.option_contracts for symbol: NFLX
04/09/2014 4:31:47 PM	JobScheduler	Information		Getting information from yahoo.finance.options for symbol: NFLX and expiration: 2014-09
04/09/2014 4:31:50 PM	JobScheduler	Information		Getting information from yahoo.finance.options for symbol: NFLX and expiration: 2014-10
04/09/2014 4:31:51 PM	JobScheduler	Information		Getting stock symbol from yahoo.finance.quotes for symbol: USO
04/09/2014 4:31:52 PM	JobScheduler	Information		Getting information from yahoo.finance.option_contracts for symbol: USO
04/09/2014 4:31:53 PM	JobScheduler	Information		Getting information from yahoo.finance.options for symbol: USO and expiration: 2014-09
04/09/2014 4:31:54 PM	JobScheduler	Information		Getting information from yahoo.finance.options for symbol: USO and expiration: 2014-10
04/09/2014 4:31:55 PM	JobScheduler	Information		Getting stock symbol from yahoo.finance.quotes for symbol: XLE
04/09/2014 4:31:55 PM	JobScheduler	Information		Getting information from yahoo.finance.option_contracts for symbol: XLE
04/09/2014 4:31:57 PM	JobScheduler	Information		Getting information from yahoo.finance.options for symbol: XLE and expiration: 2014-09
04/09/2014 4:31:58 PM	JobScheduler	Information		Getting information from yahoo.finance.options for symbol: XLE and expiration: 2014-10
04/09/2014 4:32:00 PM	JobScheduler	Information		Getting stock symbol from yahoo.finance.quotes for symbol: XLB
04/09/2014 4:32:00 PM	JobScheduler	Information		Getting information from yahoo.finance.option_contracts for symbol: XLB
04/09/2014 4:32:01 PM	JobScheduler	Information		Getting information from yahoo.finance.options for symbol: XLB and expiration: 2014-09
04/09/2014 4:32:01 PM	JobScheduler	Information		Getting information from yahoo.finance.options for symbol: XLB and expiration: 2014-12
04/09/2014 4:32:04 PM	JobScheduler	Information		Getting stock symbol from yahoo.finance.quotes for symbol: XLE
04/09/2014 4:32:04 PM	JobScheduler	Information		Getting information from yahoo.finance.option_contracts for symbol: XLE
04/09/2014 4:32:05 PM	JobScheduler	Information		Getting information from yahoo.finance.options for symbol: XLE and expiration: 2014-09
04/09/2014 4:32:07 PM	JobScheduler	Information		Getting information from yahoo.finance.options for symbol: XLE and expiration: 2014-10
04/09/2014 4:32:08 PM	JobScheduler	Information		Getting stock symbol from yahoo.finance.quotes for symbol: MS
04/09/2014 4:32:08 PM	JobScheduler	Information		Getting information from yahoo.finance.option_contracts for symbol: MS
04/09/2014 4:32:09 PM	JobScheduler	Information		Getting information from yahoo.finance.options for symbol: MS and expiration: 2014-09
04/09/2014 4:32:09 PM	JobScheduler	Information		Getting information from yahoo.finance.options for symbol: MS and expiration: 2014-10
04/09/2014 4:32:10 PM	JobScheduler	Information		Getting stock symbol from yahoo.finance.quotes for symbol: JPM
04/09/2014 4:32:10 PM	JobScheduler	Information		Getting information from yahoo.finance.option_contracts for symbol: JPM
04/09/2014 4:32:11 PM	JobScheduler	Information		Getting information from yahoo.finance.options for symbol: JPM and expiration: 2014-09
04/09/2014 4:32:12 PM	JobScheduler	Information		Getting information from yahoo.finance.options for symbol: JPM and expiration: 2014-10
04/09/2014 4:32:13 PM	JobScheduler	Information		Getting stock symbol from yahoo.finance.quotes for symbol: RY
04/09/2014 4:32:13 PM	JobScheduler	Information		Getting information from yahoo.finance.option_contracts for symbol: RY
04/09/2014 4:32:13 PM	JobScheduler	Information		Getting information from yahoo.finance.options for symbol: RY and expiration: 2014-09
04/09/2014 4:32:14 PM	JobScheduler	Information		Getting information from yahoo.finance.options for symbol: RY and expiration: 2014-10
04/09/2014 4:32:15 PM	JobScheduler	Information		Getting stock symbol from yahoo.finance.quotes for symbol: FB
04/09/2014 4:32:16 PM	JobScheduler	Information		Getting information from yahoo.finance.option_contracts for symbol: FB
04/09/2014 4:32:17 PM	JobScheduler	Information		Getting information from yahoo.finance.options for symbol: FB and expiration: 2014-09
04/09/2014 4:32:18 PM	JobScheduler	Information		Getting information from yahoo.finance.options for symbol: FB and expiration: 2014-10
04/09/2014 4:32:19 PM	JobScheduler	Information		YahooService finished.
04/09/2014 4:32:19 PM	JobScheduler	Information		Finished Executing: DailySchedule.
05/09/2014 10:59:31 AM	JobScheduler	Information		Service Started at :05/09/2014 10:59:13 AM
05/09/2014 10:59:31 AM	JobScheduler	Information		Attempting to Load Schedule
05/09/2014 10:59:35 AM	JobScheduler	Verbose		Schedule Name:DailySchedule Type: DAILY Class To Run:OptionCalculator.Service.dll, OptionCalculator.YahooService
05/09/2014 10:59:35 AM	JobScheduler	Verbose		Setting Timer to wait for: 19824.7925025 seconds. Next Item up: DailySchedule @ Fri, 05 Sep 2014 16:30:00 GMT
05/09/2014 4:30:00 PM	JobScheduler	Verbose		Executing Schedule : DailySchedule @ Fri, 05 Sep 2014 16:30:00 GMT. Type:OptionCalculator.Service.dll, OptionCalculator.YahooService
05/09/2014 4:30:00 PM	JobScheduler	Verbose		----> Started: DailySchedule
05/09/2014 4:30:00 PM	JobScheduler	Verbose		Setting Timer to wait for: 259199.3079035 seconds. Next Item up: DailySchedule @ Mon, 08 Sep 2014 16:30:00 GMT
05/09/2014 4:30:00 PM	JobScheduler	Verbose		--------------------------------------
05/09/2014 4:30:00 PM	JobScheduler	Information		YahooService Executed Started. Waiting for 15 seconds.
05/09/2014 4:30:00 PM	JobScheduler	Verbose		Schedule: DailySchedule. Next Run: 08/09/2014 4:30:00 PM. Running: True Active:True 
05/09/2014 4:30:00 PM	JobScheduler	Verbose		--------------------------------------
