28/08/2014 4:30:03 PM	JobScheduler	Information		Getting stock symbol from yahoo.finance.quotes for symbol: SPY
28/08/2014 4:30:07 PM	JobScheduler	Information		Getting information from yahoo.finance.option_contracts for symbol: SPY
28/08/2014 4:30:08 PM	JobScheduler	Information		Getting information from yahoo.finance.options for symbol: SPY and expiration: 2014-09
28/08/2014 4:30:11 PM	JobScheduler	Information		Getting information from yahoo.finance.options for symbol: SPY and expiration: 2014-10
28/08/2014 4:30:12 PM	JobScheduler	Information		Getting stock symbol from yahoo.finance.quotes for symbol: QQQ
28/08/2014 4:30:12 PM	JobScheduler	Information		Getting information from yahoo.finance.option_contracts for symbol: QQQ
28/08/2014 4:30:13 PM	JobScheduler	Information		Getting information from yahoo.finance.options for symbol: QQQ and expiration: 2014-09
28/08/2014 4:30:16 PM	JobScheduler	Information		Getting information from yahoo.finance.options for symbol: QQQ and expiration: 2014-10
28/08/2014 4:30:17 PM	JobScheduler	Information		Getting stock symbol from yahoo.finance.quotes for symbol: VXX
28/08/2014 4:30:17 PM	JobScheduler	Information		Getting information from yahoo.finance.option_contracts for symbol: VXX
28/08/2014 4:30:18 PM	JobScheduler	Information		Getting information from yahoo.finance.options for symbol: VXX and expiration: 2014-09
28/08/2014 4:30:20 PM	JobScheduler	Information		Getting information from yahoo.finance.options for symbol: VXX and expiration: 2014-10
28/08/2014 4:30:21 PM	JobScheduler	Information		Getting stock symbol from yahoo.finance.quotes for symbol: VXZ
28/08/2014 4:30:21 PM	JobScheduler	Information		Getting information from yahoo.finance.option_contracts for symbol: VXZ
28/08/2014 4:30:21 PM	JobScheduler	Information		Getting information from yahoo.finance.options for symbol: VXZ and expiration: 2014-09
28/08/2014 4:30:25 PM	JobScheduler	Information		Getting information from yahoo.finance.options for symbol: VXZ and expiration: 2014-12
28/08/2014 4:30:26 PM	JobScheduler	Information		Getting stock symbol from yahoo.finance.quotes for symbol: TIP
28/08/2014 4:30:26 PM	JobScheduler	Information		Getting information from yahoo.finance.option_contracts for symbol: TIP
28/08/2014 4:30:26 PM	JobScheduler	Information		Getting information from yahoo.finance.options for symbol: TIP and expiration: 2014-09
28/08/2014 4:30:26 PM	JobScheduler	Information		Getting information from yahoo.finance.options for symbol: TIP and expiration: 2014-12
28/08/2014 4:30:27 PM	JobScheduler	Information		Getting stock symbol from yahoo.finance.quotes for symbol: TLT
28/08/2014 4:30:27 PM	JobScheduler	Information		Getting information from yahoo.finance.option_contracts for symbol: TLT
28/08/2014 4:30:28 PM	JobScheduler	Information		Getting information from yahoo.finance.options for symbol: TLT and expiration: 2014-09
28/08/2014 4:30:29 PM	JobScheduler	Information		Getting information from yahoo.finance.options for symbol: TLT and expiration: 2014-10
28/08/2014 4:30:30 PM	JobScheduler	Information		Getting stock symbol from yahoo.finance.quotes for symbol: HYG
28/08/2014 4:30:30 PM	JobScheduler	Information		Getting information from yahoo.finance.option_contracts for symbol: HYG
28/08/2014 4:30:30 PM	JobScheduler	Information		Getting information from yahoo.finance.options for symbol: HYG and expiration: 2014-09
28/08/2014 4:30:31 PM	JobScheduler	Information		Getting information from yahoo.finance.options for symbol: HYG and expiration: 2014-10
28/08/2014 4:30:33 PM	JobScheduler	Information		Getting stock symbol from yahoo.finance.quotes for symbol: UUP
28/08/2014 4:30:33 PM	JobScheduler	Information		Getting information from yahoo.finance.option_contracts for symbol: UUP
28/08/2014 4:30:34 PM	JobScheduler	Information		Getting information from yahoo.finance.options for symbol: UUP and expiration: 2014-09
28/08/2014 4:30:35 PM	JobScheduler	Information		Getting information from yahoo.finance.options for symbol: UUP and expiration: 2014-12
28/08/2014 4:30:35 PM	JobScheduler	Information		Getting stock symbol from yahoo.finance.quotes for symbol: GLD
28/08/2014 4:30:35 PM	JobScheduler	Information		Getting information from yahoo.finance.option_contracts for symbol: GLD
28/08/2014 4:30:36 PM	JobScheduler	Information		Getting information from yahoo.finance.options for symbol: GLD and expiration: 2014-09
28/08/2014 4:30:40 PM	JobScheduler	Information		Getting information from yahoo.finance.options for symbol: GLD and expiration: 2014-10
28/08/2014 4:30:41 PM	JobScheduler	Information		Getting stock symbol from yahoo.finance.quotes for symbol: SLV
28/08/2014 4:30:41 PM	JobScheduler	Information		Getting information from yahoo.finance.option_contracts for symbol: SLV
28/08/2014 4:30:42 PM	JobScheduler	Information		Getting information from yahoo.finance.options for symbol: SLV and expiration: 2014-09
28/08/2014 4:30:43 PM	JobScheduler	Information		Getting information from yahoo.finance.options for symbol: SLV and expiration: 2014-10
28/08/2014 4:30:44 PM	JobScheduler	Information		Getting stock symbol from yahoo.finance.quotes for symbol: GDX
28/08/2014 4:30:44 PM	JobScheduler	Information		Getting information from yahoo.finance.option_contracts for symbol: GDX
28/08/2014 4:30:45 PM	JobScheduler	Information		Getting information from yahoo.finance.options for symbol: GDX and expiration: 2014-09
28/08/2014 4:30:46 PM	JobScheduler	Information		Getting information from yahoo.finance.options for symbol: GDX and expiration: 2014-12
28/08/2014 4:30:46 PM	JobScheduler	Information		Getting stock symbol from yahoo.finance.quotes for symbol: GDXJ
28/08/2014 4:30:46 PM	JobScheduler	Information		Getting information from yahoo.finance.option_contracts for symbol: GDXJ
28/08/2014 4:30:47 PM	JobScheduler	Information		Getting information from yahoo.finance.options for symbol: GDXJ and expiration: 2014-09
28/08/2014 4:30:48 PM	JobScheduler	Information		Getting information from yahoo.finance.options for symbol: GDXJ and expiration: 2014-11
28/08/2014 4:30:48 PM	JobScheduler	Information		Getting stock symbol from yahoo.finance.quotes for symbol: GG
28/08/2014 4:30:48 PM	JobScheduler	Information		Getting information from yahoo.finance.option_contracts for symbol: GG
28/08/2014 4:30:50 PM	JobScheduler	Information		Getting information from yahoo.finance.options for symbol: GG and expiration: 2014-09
28/08/2014 4:30:50 PM	JobScheduler	Information		Getting information from yahoo.finance.options for symbol: GG and expiration: 2014-10
28/08/2014 4:30:51 PM	JobScheduler	Information		Getting stock symbol from yahoo.finance.quotes for symbol: ABX
28/08/2014 4:30:51 PM	JobScheduler	Information		Getting information from yahoo.finance.option_contracts for symbol: ABX
28/08/2014 4:30:52 PM	JobScheduler	Information		Getting information from yahoo.finance.options for symbol: ABX and expiration: 2014-09
28/08/2014 4:30:53 PM	JobScheduler	Information		Getting information from yahoo.finance.options for symbol: ABX and expiration: 2014-10
28/08/2014 4:30:53 PM	JobScheduler	Information		Getting stock symbol from yahoo.finance.quotes for symbol: KGC
28/08/2014 4:30:53 PM	JobScheduler	Information		Getting information from yahoo.finance.option_contracts for symbol: KGC
28/08/2014 4:30:54 PM	JobScheduler	Information		Getting information from yahoo.finance.options for symbol: KGC and expiration: 2014-09
28/08/2014 4:30:55 PM	JobScheduler	Information		Getting information from yahoo.finance.options for symbol: KGC and expiration: 2014-11
28/08/2014 4:30:55 PM	JobScheduler	Information		Getting stock symbol from yahoo.finance.quotes for symbol: SLW
28/08/2014 4:30:56 PM	JobScheduler	Information		Getting information from yahoo.finance.option_contracts for symbol: SLW
28/08/2014 4:30:57 PM	JobScheduler	Information		Getting information from yahoo.finance.options for symbol: SLW and expiration: 2014-09
28/08/2014 4:30:58 PM	JobScheduler	Information		Getting information from yahoo.finance.options for symbol: SLW and expiration: 2014-10
28/08/2014 4:30:59 PM	JobScheduler	Information		Getting stock symbol from yahoo.finance.quotes for symbol: AMZN
28/08/2014 4:30:59 PM	JobScheduler	Information		Getting information from yahoo.finance.option_contracts for symbol: AMZN
28/08/2014 4:31:00 PM	JobScheduler	Information		Getting information from yahoo.finance.options for symbol: AMZN and expiration: 2014-09
28/08/2014 4:31:03 PM	JobScheduler	Information		Getting information from yahoo.finance.options for symbol: AMZN and expiration: 2014-10
28/08/2014 4:31:04 PM	JobScheduler	Information		Getting stock symbol from yahoo.finance.quotes for symbol: EGO
28/08/2014 4:31:05 PM	JobScheduler	Information		Getting information from yahoo.finance.option_contracts for symbol: EGO
28/08/2014 4:31:05 PM	JobScheduler	Information		Getting information from yahoo.finance.options for symbol: EGO and expiration: 2014-09
28/08/2014 4:31:06 PM	JobScheduler	Information		Getting information from yahoo.finance.options for symbol: EGO and expiration: 2014-10
28/08/2014 4:31:07 PM	JobScheduler	Information		Getting stock symbol from yahoo.finance.quotes for symbol: GOOG
28/08/2014 4:31:07 PM	JobScheduler	Information		Getting information from yahoo.finance.option_contracts for symbol: GOOG
28/08/2014 4:31:08 PM	JobScheduler	Information		Getting information from yahoo.finance.options for symbol: GOOG and expiration: 2014-09
28/08/2014 4:31:13 PM	JobScheduler	Information		Getting information from yahoo.finance.options for symbol: GOOG and expiration: 2014-10
28/08/2014 4:31:14 PM	JobScheduler	Information		Getting stock symbol from yahoo.finance.quotes for symbol: AAPL
28/08/2014 4:31:14 PM	JobScheduler	Information		Getting information from yahoo.finance.option_contracts for symbol: AAPL
28/08/2014 4:31:15 PM	JobScheduler	Information		Getting information from yahoo.finance.options for symbol: AAPL and expiration: 2014-09
28/08/2014 4:31:17 PM	JobScheduler	Information		Getting information from yahoo.finance.options for symbol: AAPL and expiration: 2014-10
28/08/2014 4:31:20 PM	JobScheduler	Information		Getting stock symbol from yahoo.finance.quotes for symbol: NFLX
28/08/2014 4:31:20 PM	JobScheduler	Information		Getting information from yahoo.finance.option_contracts for symbol: NFLX
28/08/2014 4:31:21 PM	JobScheduler	Information		Getting information from yahoo.finance.options for symbol: NFLX and expiration: 2014-09
28/08/2014 4:31:24 PM	JobScheduler	Information		Getting information from yahoo.finance.options for symbol: NFLX and expiration: 2014-10
28/08/2014 4:31:25 PM	JobScheduler	Information		Getting stock symbol from yahoo.finance.quotes for symbol: USO
28/08/2014 4:31:26 PM	JobScheduler	Information		Getting information from yahoo.finance.option_contracts for symbol: USO
28/08/2014 4:31:28 PM	JobScheduler	Information		Getting information from yahoo.finance.options for symbol: USO and expiration: 2014-09
28/08/2014 4:31:28 PM	JobScheduler	Information		Getting information from yahoo.finance.options for symbol: USO and expiration: 2014-10
28/08/2014 4:31:29 PM	JobScheduler	Information		Getting stock symbol from yahoo.finance.quotes for symbol: XLE
28/08/2014 4:31:29 PM	JobScheduler	Information		Getting information from yahoo.finance.option_contracts for symbol: XLE
28/08/2014 4:31:30 PM	JobScheduler	Information		Getting information from yahoo.finance.options for symbol: XLE and expiration: 2014-09
28/08/2014 4:31:32 PM	JobScheduler	Information		Getting information from yahoo.finance.options for symbol: XLE and expiration: 2014-10
28/08/2014 4:31:33 PM	JobScheduler	Information		Getting stock symbol from yahoo.finance.quotes for symbol: XLB
28/08/2014 4:31:33 PM	JobScheduler	Information		Getting information from yahoo.finance.option_contracts for symbol: XLB
28/08/2014 4:31:33 PM	JobScheduler	Information		Getting information from yahoo.finance.options for symbol: XLB and expiration: 2014-09
28/08/2014 4:31:34 PM	JobScheduler	Information		Getting information from yahoo.finance.options for symbol: XLB and expiration: 2014-12
28/08/2014 4:31:35 PM	JobScheduler	Information		Getting stock symbol from yahoo.finance.quotes for symbol: XLE
28/08/2014 4:31:35 PM	JobScheduler	Information		Getting information from yahoo.finance.option_contracts for symbol: XLE
28/08/2014 4:31:36 PM	JobScheduler	Information		Getting information from yahoo.finance.options for symbol: XLE and expiration: 2014-09
28/08/2014 4:31:37 PM	JobScheduler	Information		Getting information from yahoo.finance.options for symbol: XLE and expiration: 2014-10
28/08/2014 4:31:38 PM	JobScheduler	Information		Getting stock symbol from yahoo.finance.quotes for symbol: MS
28/08/2014 4:31:38 PM	JobScheduler	Information		Getting information from yahoo.finance.option_contracts for symbol: MS
28/08/2014 4:31:39 PM	JobScheduler	Information		Getting information from yahoo.finance.options for symbol: MS and expiration: 2014-09
28/08/2014 4:31:39 PM	JobScheduler	Information		Getting information from yahoo.finance.options for symbol: MS and expiration: 2014-10
28/08/2014 4:31:40 PM	JobScheduler	Information		Getting stock symbol from yahoo.finance.quotes for symbol: JPM
28/08/2014 4:31:40 PM	JobScheduler	Information		Getting information from yahoo.finance.option_contracts for symbol: JPM
28/08/2014 4:31:41 PM	JobScheduler	Information		Getting information from yahoo.finance.options for symbol: JPM and expiration: 2014-09
28/08/2014 4:31:42 PM	JobScheduler	Information		Getting information from yahoo.finance.options for symbol: JPM and expiration: 2014-10
28/08/2014 4:31:42 PM	JobScheduler	Information		Getting stock symbol from yahoo.finance.quotes for symbol: RY
28/08/2014 4:31:42 PM	JobScheduler	Information		Getting information from yahoo.finance.option_contracts for symbol: RY
28/08/2014 4:31:43 PM	JobScheduler	Information		Getting information from yahoo.finance.options for symbol: RY and expiration: 2014-09
28/08/2014 4:31:43 PM	JobScheduler	Information		Getting information from yahoo.finance.options for symbol: RY and expiration: 2014-10
28/08/2014 4:31:44 PM	JobScheduler	Information		Getting stock symbol from yahoo.finance.quotes for symbol: FB
28/08/2014 4:31:44 PM	JobScheduler	Information		Getting information from yahoo.finance.option_contracts for symbol: FB
28/08/2014 4:31:44 PM	JobScheduler	Information		Getting information from yahoo.finance.options for symbol: FB and expiration: 2014-09
28/08/2014 4:31:45 PM	JobScheduler	Information		Getting information from yahoo.finance.options for symbol: FB and expiration: 2014-10
28/08/2014 4:31:46 PM	JobScheduler	Information		YahooService finished.
28/08/2014 4:31:46 PM	JobScheduler	Information		Finished Executing: DailySchedule.
29/08/2014 4:30:01 PM	JobScheduler	Verbose		Executing Schedule : DailySchedule @ Fri, 29 Aug 2014 16:30:01 GMT. Type:OptionCalculator.Service.dll, OptionCalculator.YahooService
29/08/2014 4:30:01 PM	JobScheduler	Verbose		----> Started: DailySchedule
29/08/2014 4:30:01 PM	JobScheduler	Verbose		Setting Timer to wait for: 259198.7958334 seconds. Next Item up: DailySchedule @ Mon, 01 Sep 2014 16:30:00 GMT
29/08/2014 4:30:01 PM	JobScheduler	Verbose		--------------------------------------
29/08/2014 4:30:01 PM	JobScheduler	Verbose		Schedule: DailySchedule. Next Run: 01/09/2014 4:30:00 PM. Running: True Active:True 
29/08/2014 4:30:01 PM	JobScheduler	Verbose		--------------------------------------
29/08/2014 4:30:01 PM	JobScheduler	Information		YahooService Executed Started. Waiting for 15 seconds.
29/08/2014 4:30:02 PM	JobScheduler	Information		Getting stock symbol from yahoo.finance.quotes for symbol: SPY
