29/08/2014 4:30:06 PM	JobScheduler	Information		Getting information from yahoo.finance.option_contracts for symbol: SPY
29/08/2014 4:30:06 PM	JobScheduler	Information		Getting information from yahoo.finance.options for symbol: SPY and expiration: 2014-09
29/08/2014 4:30:09 PM	JobScheduler	Information		Getting information from yahoo.finance.options for symbol: SPY and expiration: 2014-10
29/08/2014 4:30:11 PM	JobScheduler	Information		Getting stock symbol from yahoo.finance.quotes for symbol: QQQ
29/08/2014 4:30:12 PM	JobScheduler	Information		Getting information from yahoo.finance.option_contracts for symbol: QQQ
29/08/2014 4:30:12 PM	JobScheduler	Information		Getting information from yahoo.finance.options for symbol: QQQ and expiration: 2014-09
29/08/2014 4:30:17 PM	JobScheduler	Information		Getting information from yahoo.finance.options for symbol: QQQ and expiration: 2014-10
29/08/2014 4:30:18 PM	JobScheduler	Information		Getting stock symbol from yahoo.finance.quotes for symbol: VXX
29/08/2014 4:30:18 PM	JobScheduler	Information		Getting information from yahoo.finance.option_contracts for symbol: VXX
29/08/2014 4:30:18 PM	JobScheduler	Information		Getting information from yahoo.finance.options for symbol: VXX and expiration: 2014-09
29/08/2014 4:30:21 PM	JobScheduler	Information		Getting information from yahoo.finance.options for symbol: VXX and expiration: 2014-10
29/08/2014 4:30:22 PM	JobScheduler	Information		Getting stock symbol from yahoo.finance.quotes for symbol: VXZ
29/08/2014 4:30:22 PM	JobScheduler	Information		Getting information from yahoo.finance.option_contracts for symbol: VXZ
29/08/2014 4:30:22 PM	JobScheduler	Information		Getting information from yahoo.finance.options for symbol: VXZ and expiration: 2014-09
29/08/2014 4:30:23 PM	JobScheduler	Information		Getting information from yahoo.finance.options for symbol: VXZ and expiration: 2014-12
29/08/2014 4:30:23 PM	JobScheduler	Information		Getting stock symbol from yahoo.finance.quotes for symbol: TIP
29/08/2014 4:30:23 PM	JobScheduler	Information		Getting information from yahoo.finance.option_contracts for symbol: TIP
29/08/2014 4:30:25 PM	JobScheduler	Information		Getting information from yahoo.finance.options for symbol: TIP and expiration: 2014-09
29/08/2014 4:30:25 PM	JobScheduler	Information		Getting information from yahoo.finance.options for symbol: TIP and expiration: 2014-12
29/08/2014 4:30:26 PM	JobScheduler	Information		Getting stock symbol from yahoo.finance.quotes for symbol: TLT
29/08/2014 4:30:26 PM	JobScheduler	Information		Getting information from yahoo.finance.option_contracts for symbol: TLT
29/08/2014 4:30:26 PM	JobScheduler	Information		Getting information from yahoo.finance.options for symbol: TLT and expiration: 2014-09
29/08/2014 4:30:27 PM	JobScheduler	Information		Getting information from yahoo.finance.options for symbol: TLT and expiration: 2014-10
29/08/2014 4:30:28 PM	JobScheduler	Information		Getting stock symbol from yahoo.finance.quotes for symbol: HYG
29/08/2014 4:30:28 PM	JobScheduler	Information		Getting information from yahoo.finance.option_contracts for symbol: HYG
29/08/2014 4:30:29 PM	JobScheduler	Information		Getting information from yahoo.finance.options for symbol: HYG and expiration: 2014-09
29/08/2014 4:30:30 PM	JobScheduler	Information		Getting information from yahoo.finance.options for symbol: HYG and expiration: 2014-10
29/08/2014 4:30:30 PM	JobScheduler	Information		Getting stock symbol from yahoo.finance.quotes for symbol: UUP
29/08/2014 4:30:31 PM	JobScheduler	Information		Getting information from yahoo.finance.option_contracts for symbol: UUP
29/08/2014 4:30:31 PM	JobScheduler	Information		Getting information from yahoo.finance.options for symbol: UUP and expiration: 2014-09
29/08/2014 4:30:32 PM	JobScheduler	Information		Getting information from yahoo.finance.options for symbol: UUP and expiration: 2014-12
29/08/2014 4:30:32 PM	JobScheduler	Information		Getting stock symbol from yahoo.finance.quotes for symbol: GLD
29/08/2014 4:30:32 PM	JobScheduler	Information		Getting information from yahoo.finance.option_contracts for symbol: GLD
29/08/2014 4:30:33 PM	JobScheduler	Information		Getting information from yahoo.finance.options for symbol: GLD and expiration: 2014-09
29/08/2014 4:30:38 PM	JobScheduler	Information		Getting information from yahoo.finance.options for symbol: GLD and expiration: 2014-10
29/08/2014 4:30:39 PM	JobScheduler	Information		Getting stock symbol from yahoo.finance.quotes for symbol: SLV
29/08/2014 4:30:39 PM	JobScheduler	Information		Getting information from yahoo.finance.option_contracts for symbol: SLV
29/08/2014 4:30:40 PM	JobScheduler	Information		Getting information from yahoo.finance.options for symbol: SLV and expiration: 2014-09
29/08/2014 4:30:42 PM	JobScheduler	Information		Getting information from yahoo.finance.options for symbol: SLV and expiration: 2014-10
29/08/2014 4:30:42 PM	JobScheduler	Information		Getting stock symbol from yahoo.finance.quotes for symbol: GDX
29/08/2014 4:30:42 PM	JobScheduler	Information		Getting information from yahoo.finance.option_contracts for symbol: GDX
29/08/2014 4:30:43 PM	JobScheduler	Information		Getting information from yahoo.finance.options for symbol: GDX and expiration: 2014-09
29/08/2014 4:30:45 PM	JobScheduler	Information		Getting information from yahoo.finance.options for symbol: GDX and expiration: 2014-12
29/08/2014 4:30:45 PM	JobScheduler	Information		Getting stock symbol from yahoo.finance.quotes for symbol: GDXJ
29/08/2014 4:30:45 PM	JobScheduler	Information		Getting information from yahoo.finance.option_contracts for symbol: GDXJ
29/08/2014 4:30:46 PM	JobScheduler	Information		Getting information from yahoo.finance.options for symbol: GDXJ and expiration: 2014-09
29/08/2014 4:30:47 PM	JobScheduler	Information		Getting information from yahoo.finance.options for symbol: GDXJ and expiration: 2014-11
29/08/2014 4:30:47 PM	JobScheduler	Information		Getting stock symbol from yahoo.finance.quotes for symbol: GG
29/08/2014 4:30:47 PM	JobScheduler	Information		Getting information from yahoo.finance.option_contracts for symbol: GG
29/08/2014 4:30:48 PM	JobScheduler	Information		Getting information from yahoo.finance.options for symbol: GG and expiration: 2014-09
29/08/2014 4:30:48 PM	JobScheduler	Information		Getting information from yahoo.finance.options for symbol: GG and expiration: 2014-10
29/08/2014 4:30:50 PM	JobScheduler	Information		Getting stock symbol from yahoo.finance.quotes for symbol: ABX
29/08/2014 4:30:50 PM	JobScheduler	Information		Getting information from yahoo.finance.option_contracts for symbol: ABX
29/08/2014 4:30:50 PM	JobScheduler	Information		Getting information from yahoo.finance.options for symbol: ABX and expiration: 2014-09
29/08/2014 4:30:51 PM	JobScheduler	Information		Getting information from yahoo.finance.options for symbol: ABX and expiration: 2014-10
29/08/2014 4:30:52 PM	JobScheduler	Information		Getting stock symbol from yahoo.finance.quotes for symbol: KGC
29/08/2014 4:30:52 PM	JobScheduler	Information		Getting information from yahoo.finance.option_contracts for symbol: KGC
29/08/2014 4:30:52 PM	JobScheduler	Information		Getting information from yahoo.finance.options for symbol: KGC and expiration: 2014-09
29/08/2014 4:30:53 PM	JobScheduler	Information		Getting information from yahoo.finance.options for symbol: KGC and expiration: 2014-11
29/08/2014 4:30:53 PM	JobScheduler	Information		Getting stock symbol from yahoo.finance.quotes for symbol: SLW
29/08/2014 4:30:53 PM	JobScheduler	Information		Getting information from yahoo.finance.option_contracts for symbol: SLW
29/08/2014 4:30:54 PM	JobScheduler	Information		Getting information from yahoo.finance.options for symbol: SLW and expiration: 2014-09
29/08/2014 4:30:55 PM	JobScheduler	Information		Getting information from yahoo.finance.options for symbol: SLW and expiration: 2014-10
29/08/2014 4:30:57 PM	JobScheduler	Information		Getting stock symbol from yahoo.finance.quotes for symbol: AMZN
29/08/2014 4:30:57 PM	JobScheduler	Information		Getting information from yahoo.finance.option_contracts for symbol: AMZN
29/08/2014 4:30:58 PM	JobScheduler	Information		Getting information from yahoo.finance.options for symbol: AMZN and expiration: 2014-09
29/08/2014 4:31:01 PM	JobScheduler	Information		Getting information from yahoo.finance.options for symbol: AMZN and expiration: 2014-10
29/08/2014 4:31:02 PM	JobScheduler	Information		Getting stock symbol from yahoo.finance.quotes for symbol: EGO
29/08/2014 4:31:02 PM	JobScheduler	Information		Getting information from yahoo.finance.option_contracts for symbol: EGO
29/08/2014 4:31:03 PM	JobScheduler	Information		Getting information from yahoo.finance.options for symbol: EGO and expiration: 2014-09
29/08/2014 4:31:04 PM	JobScheduler	Information		Getting information from yahoo.finance.options for symbol: EGO and expiration: 2014-10
29/08/2014 4:31:04 PM	JobScheduler	Information		Getting stock symbol from yahoo.finance.quotes for symbol: GOOG
29/08/2014 4:31:06 PM	JobScheduler	Information		Getting information from yahoo.finance.option_contracts for symbol: GOOG
29/08/2014 4:31:06 PM	JobScheduler	Information		Getting information from yahoo.finance.options for symbol: GOOG and expiration: 2014-09
29/08/2014 4:31:11 PM	JobScheduler	Information		Getting information from yahoo.finance.options for symbol: GOOG and expiration: 2014-10
29/08/2014 4:31:12 PM	JobScheduler	Information		Getting stock symbol from yahoo.finance.quotes for symbol: AAPL
29/08/2014 4:31:13 PM	JobScheduler	Information		Getting information from yahoo.finance.option_contracts for symbol: AAPL
29/08/2014 4:31:13 PM	JobScheduler	Information		Getting information from yahoo.finance.options for symbol: AAPL and expiration: 2014-09
29/08/2014 4:31:15 PM	JobScheduler	Information		Getting information from yahoo.finance.options for symbol: AAPL and expiration: 2014-10
29/08/2014 4:31:18 PM	JobScheduler	Information		Getting stock symbol from yahoo.finance.quotes for symbol: NFLX
29/08/2014 4:31:18 PM	JobScheduler	Information		Getting information from yahoo.finance.option_contracts for symbol: NFLX
29/08/2014 4:31:19 PM	JobScheduler	Information		Getting information from yahoo.finance.options for symbol: NFLX and expiration: 2014-09
29/08/2014 4:31:22 PM	JobScheduler	Information		Getting information from yahoo.finance.options for symbol: NFLX and expiration: 2014-10
29/08/2014 4:31:23 PM	JobScheduler	Information		Getting stock symbol from yahoo.finance.quotes for symbol: USO
29/08/2014 4:31:24 PM	JobScheduler	Information		Getting information from yahoo.finance.option_contracts for symbol: USO
29/08/2014 4:31:24 PM	JobScheduler	Information		Getting information from yahoo.finance.options for symbol: USO and expiration: 2014-09
29/08/2014 4:31:26 PM	JobScheduler	Information		Getting information from yahoo.finance.options for symbol: USO and expiration: 2014-10
29/08/2014 4:31:27 PM	JobScheduler	Information		Getting stock symbol from yahoo.finance.quotes for symbol: XLE
29/08/2014 4:31:28 PM	JobScheduler	Information		Getting information from yahoo.finance.option_contracts for symbol: XLE
29/08/2014 4:31:29 PM	JobScheduler	Information		Getting information from yahoo.finance.options for symbol: XLE and expiration: 2014-09
29/08/2014 4:31:31 PM	JobScheduler	Information		Getting information from yahoo.finance.options for symbol: XLE and expiration: 2014-10
29/08/2014 4:31:32 PM	JobScheduler	Information		Getting stock symbol from yahoo.finance.quotes for symbol: XLB
29/08/2014 4:31:32 PM	JobScheduler	Information		Getting information from yahoo.finance.option_contracts for symbol: XLB
29/08/2014 4:31:32 PM	JobScheduler	Information		Getting information from yahoo.finance.options for symbol: XLB and expiration: 2014-09
29/08/2014 4:31:33 PM	JobScheduler	Information		Getting information from yahoo.finance.options for symbol: XLB and expiration: 2014-12
29/08/2014 4:31:33 PM	JobScheduler	Information		Getting stock symbol from yahoo.finance.quotes for symbol: XLE
29/08/2014 4:31:34 PM	JobScheduler	Information		Getting information from yahoo.finance.option_contracts for symbol: XLE
29/08/2014 4:31:34 PM	JobScheduler	Information		Getting information from yahoo.finance.options for symbol: XLE and expiration: 2014-09
29/08/2014 4:31:36 PM	JobScheduler	Information		Getting information from yahoo.finance.options for symbol: XLE and expiration: 2014-10
29/08/2014 4:31:38 PM	JobScheduler	Information		Getting stock symbol from yahoo.finance.quotes for symbol: MS
29/08/2014 4:31:38 PM	JobScheduler	Information		Getting information from yahoo.finance.option_contracts for symbol: MS
29/08/2014 4:31:39 PM	JobScheduler	Information		Getting information from yahoo.finance.options for symbol: MS and expiration: 2014-09
29/08/2014 4:31:39 PM	JobScheduler	Information		Getting information from yahoo.finance.options for symbol: MS and expiration: 2014-10
29/08/2014 4:31:40 PM	JobScheduler	Information		Getting stock symbol from yahoo.finance.quotes for symbol: JPM
29/08/2014 4:31:41 PM	JobScheduler	Information		Getting information from yahoo.finance.option_contracts for symbol: JPM
29/08/2014 4:31:41 PM	JobScheduler	Information		Getting information from yahoo.finance.options for symbol: JPM and expiration: 2014-09
29/08/2014 4:31:42 PM	JobScheduler	Information		Getting information from yahoo.finance.options for symbol: JPM and expiration: 2014-10
29/08/2014 4:31:43 PM	JobScheduler	Information		Getting stock symbol from yahoo.finance.quotes for symbol: RY
29/08/2014 4:31:43 PM	JobScheduler	Information		Getting information from yahoo.finance.option_contracts for symbol: RY
29/08/2014 4:31:44 PM	JobScheduler	Information		Getting information from yahoo.finance.options for symbol: RY and expiration: 2014-09
29/08/2014 4:31:44 PM	JobScheduler	Information		Getting information from yahoo.finance.options for symbol: RY and expiration: 2014-10
29/08/2014 4:31:45 PM	JobScheduler	Information		Getting stock symbol from yahoo.finance.quotes for symbol: FB
29/08/2014 4:31:45 PM	JobScheduler	Information		Getting information from yahoo.finance.option_contracts for symbol: FB
29/08/2014 4:31:45 PM	JobScheduler	Information		Getting information from yahoo.finance.options for symbol: FB and expiration: 2014-09
29/08/2014 4:31:46 PM	JobScheduler	Information		Getting information from yahoo.finance.options for symbol: FB and expiration: 2014-10
29/08/2014 4:31:47 PM	JobScheduler	Information		YahooService finished.
29/08/2014 4:31:47 PM	JobScheduler	Information		Finished Executing: DailySchedule.
